0 info it worked if it ends with ok
1 verbose cli [ '/usr/local/bin/node',
1 verbose cli   '/usr/local/bin/npm',
1 verbose cli   'install',
1 verbose cli   '-g',
1 verbose cli   'sleep' ]
2 info using npm@2.11.3
3 info using node@v0.12.7
4 verbose install initial load of /usr/local/lib/package.json
5 verbose readDependencies loading dependencies from /usr/local/lib/package.json
6 silly cache add args [ 'sleep', null ]
7 verbose cache add spec sleep
8 silly cache add parsed spec { raw: 'sleep',
8 silly cache add   scope: null,
8 silly cache add   name: 'sleep',
8 silly cache add   rawSpec: '',
8 silly cache add   spec: '*',
8 silly cache add   type: 'range' }
9 silly addNamed sleep@*
10 verbose addNamed "*" is a valid semver range for sleep
11 silly addNameRange { name: 'sleep', range: '*', hasData: false }
12 silly mapToRegistry name sleep
13 silly mapToRegistry using default registry
14 silly mapToRegistry registry https://registry.npmjs.org/
15 silly mapToRegistry uri https://registry.npmjs.org/sleep
16 verbose addNameRange registry:https://registry.npmjs.org/sleep not in flight; fetching
17 verbose request uri https://registry.npmjs.org/sleep
18 verbose request no auth needed
19 info attempt registry request try #1 at 9:16:11 AM
20 verbose request id 5bba268d4708bd1f
21 http request GET https://registry.npmjs.org/sleep
22 http 200 https://registry.npmjs.org/sleep
23 silly get cb [ 200,
23 silly get   { server: 'CouchDB/1.5.0 (Erlang OTP/R16B03)',
23 silly get     etag: '"2YRY2ZK71X1LQ2I8ZT1G4DZPN"',
23 silly get     'content-type': 'application/json',
23 silly get     'cache-control': 'max-age=60',
23 silly get     'content-length': '15617',
23 silly get     'accept-ranges': 'bytes',
23 silly get     date: 'Sun, 04 Oct 2015 09:16:11 GMT',
23 silly get     via: '1.1 varnish',
23 silly get     age: '0',
23 silly get     connection: 'keep-alive',
23 silly get     'x-served-by': 'cache-ord1727-ORD',
23 silly get     'x-cache': 'MISS',
23 silly get     'x-cache-hits': '0',
23 silly get     'x-timer': 'S1443950171.206608,VS0,VE150',
23 silly get     vary: 'Accept' } ]
24 verbose get saving sleep to /root/.npm/registry.npmjs.org/sleep/.cache.json
25 silly addNameRange number 2 { name: 'sleep', range: '*', hasData: true }
26 silly addNameRange versions [ 'sleep',
26 silly addNameRange   [ '1.0.0',
26 silly addNameRange     '1.0.1',
26 silly addNameRange     '1.0.2',
26 silly addNameRange     '1.1.0',
26 silly addNameRange     '1.1.1',
26 silly addNameRange     '1.1.2',
26 silly addNameRange     '1.1.3',
26 silly addNameRange     '1.1.4',
26 silly addNameRange     '1.1.5',
26 silly addNameRange     '1.1.6',
26 silly addNameRange     '1.1.7',
26 silly addNameRange     '1.1.8',
26 silly addNameRange     '1.2.0',
26 silly addNameRange     '2.0.0',
26 silly addNameRange     '3.0.0' ] ]
27 silly addNamed sleep@3.0.0
28 verbose addNamed "3.0.0" is a plain semver version for sleep
29 silly mapToRegistry name sleep
30 silly mapToRegistry using default registry
31 silly mapToRegistry registry https://registry.npmjs.org/
32 silly mapToRegistry uri https://registry.npmjs.org/sleep
33 verbose addRemoteTarball https://registry.npmjs.org/sleep/-/sleep-3.0.0.tgz not in flight; adding
34 verbose addRemoteTarball [ 'https://registry.npmjs.org/sleep/-/sleep-3.0.0.tgz',
34 verbose addRemoteTarball   '6b374727ee43823686db192f34c1fcb5387013ef' ]
35 info retry fetch attempt 1 at 9:16:11 AM
36 info attempt registry request try #1 at 9:16:11 AM
37 http fetch GET https://registry.npmjs.org/sleep/-/sleep-3.0.0.tgz
38 http fetch 200 https://registry.npmjs.org/sleep/-/sleep-3.0.0.tgz
39 silly fetchAndShaCheck shasum 6b374727ee43823686db192f34c1fcb5387013ef
40 verbose addTmpTarball /tmp/npm-26762-9cd6f395/registry.npmjs.org/sleep/-/sleep-3.0.0.tgz not in flight; adding
41 verbose addTmpTarball already have metadata; skipping unpack for sleep@3.0.0
42 silly cache afterAdd sleep@3.0.0
43 verbose afterAdd /root/.npm/sleep/3.0.0/package/package.json not in flight; writing
44 verbose afterAdd /root/.npm/sleep/3.0.0/package/package.json written
45 silly install resolved [ { name: 'sleep',
45 silly install resolved     version: '3.0.0',
45 silly install resolved     main: 'index.js',
45 silly install resolved     description: 'Add sleep() and usleep() to nodejs',
45 silly install resolved     homepage: 'http://github.com/ErikDubbelboer/node-sleep',
45 silly install resolved     author: { name: 'Erik Dubbelboer', email: 'erik@dubbelboer.com' },
45 silly install resolved     engines: { node: '>=0.4.0' },
45 silly install resolved     keywords: [ 'sleep', 'usleep' ],
45 silly install resolved     repository:
45 silly install resolved      { type: 'git',
45 silly install resolved        url: 'https://github.com/ErikDubbelboer/node-sleep.git' },
45 silly install resolved     dependencies: { nan: '>=2.0.0' },
45 silly install resolved     gypfile: true,
45 silly install resolved     scripts: { install: 'node-gyp rebuild' },
45 silly install resolved     gitHead: 'bebfd6c19cb8c7055d29682446df99088c54bc06',
45 silly install resolved     bugs: { url: 'https://github.com/ErikDubbelboer/node-sleep/issues' },
45 silly install resolved     _id: 'sleep@3.0.0',
45 silly install resolved     _shasum: '6b374727ee43823686db192f34c1fcb5387013ef',
45 silly install resolved     _from: 'sleep@*',
45 silly install resolved     _npmVersion: '1.4.28',
45 silly install resolved     _npmUser: { name: 'erikdubbelboer', email: 'erik@dubbelboer.com' },
45 silly install resolved     maintainers: [ [Object] ],
45 silly install resolved     dist:
45 silly install resolved      { shasum: '6b374727ee43823686db192f34c1fcb5387013ef',
45 silly install resolved        tarball: 'http://registry.npmjs.org/sleep/-/sleep-3.0.0.tgz' },
45 silly install resolved     directories: {},
45 silly install resolved     _resolved: 'https://registry.npmjs.org/sleep/-/sleep-3.0.0.tgz' } ]
46 info install sleep@3.0.0 into /usr/local/lib
47 info installOne sleep@3.0.0
48 verbose installOne of sleep to /usr/local/lib not in flight; installing
49 verbose lock using /root/.npm/_locks/sleep-9f360ea08ce2077b.lock for /usr/local/lib/node_modules/sleep
50 silly install write writing sleep 3.0.0 to /usr/local/lib/node_modules/sleep
51 verbose unbuild lib/node_modules/sleep
52 silly gentlyRm /usr/local/lib/node_modules/sleep is being purged from base /usr/local
53 verbose gentlyRm don't care about contents; nuking /usr/local/lib/node_modules/sleep
54 verbose tar unpack /root/.npm/sleep/3.0.0/package.tgz
55 verbose tar unpacking to /usr/local/lib/node_modules/sleep
56 silly gentlyRm /usr/local/lib/node_modules/sleep is being purged
57 verbose gentlyRm don't care about contents; nuking /usr/local/lib/node_modules/sleep
58 silly gunzTarPerm modes [ '755', '644' ]
59 silly gunzTarPerm extractEntry package.json
60 silly gunzTarPerm modified mode [ 'package.json', 436, 420 ]
61 silly gunzTarPerm extractEntry .npmignore
62 silly gunzTarPerm modified mode [ '.npmignore', 436, 420 ]
63 silly gunzTarPerm extractEntry README.md
64 silly gunzTarPerm modified mode [ 'README.md', 436, 420 ]
65 silly gunzTarPerm extractEntry index.js
66 silly gunzTarPerm modified mode [ 'index.js', 436, 420 ]
67 silly gunzTarPerm extractEntry test.js
68 silly gunzTarPerm modified mode [ 'test.js', 436, 420 ]
69 silly gunzTarPerm extractEntry LICENSE.txt
70 silly gunzTarPerm modified mode [ 'LICENSE.txt', 436, 420 ]
71 silly gunzTarPerm extractEntry binding.gyp
72 silly gunzTarPerm modified mode [ 'binding.gyp', 436, 420 ]
73 silly gunzTarPerm extractEntry sleep.cc
74 silly gunzTarPerm modified mode [ 'sleep.cc', 436, 420 ]
75 verbose write writing to /usr/local/lib/node_modules/sleep/package.json
76 info preinstall sleep@3.0.0
77 verbose readDependencies loading dependencies from /usr/local/lib/node_modules/sleep/package.json
78 silly prepareForInstallMany adding nan@>=2.0.0 from sleep dependencies
79 verbose readDependencies loading dependencies from /usr/local/lib/node_modules/sleep/package.json
80 silly cache add args [ 'nan@>=2.0.0', null ]
81 verbose cache add spec nan@>=2.0.0
82 silly cache add parsed spec { raw: 'nan@>=2.0.0',
82 silly cache add   scope: null,
82 silly cache add   name: 'nan',
82 silly cache add   rawSpec: '>=2.0.0',
82 silly cache add   spec: '>=2.0.0',
82 silly cache add   type: 'range' }
83 silly addNamed nan@>=2.0.0
84 verbose addNamed ">=2.0.0" is a valid semver range for nan
85 silly addNameRange { name: 'nan', range: '>=2.0.0', hasData: false }
86 silly mapToRegistry name nan
87 silly mapToRegistry using default registry
88 silly mapToRegistry registry https://registry.npmjs.org/
89 silly mapToRegistry uri https://registry.npmjs.org/nan
90 verbose addNameRange registry:https://registry.npmjs.org/nan not in flight; fetching
91 verbose request uri https://registry.npmjs.org/nan
92 verbose request no auth needed
93 info attempt registry request try #1 at 9:16:11 AM
94 verbose etag "1L4RU1AM541YSVP1YQFXG1Y1J"
95 http request GET https://registry.npmjs.org/nan
96 http 304 https://registry.npmjs.org/nan
97 silly get cb [ 304,
97 silly get   { date: 'Sun, 04 Oct 2015 09:16:11 GMT',
97 silly get     via: '1.1 varnish',
97 silly get     'cache-control': 'max-age=60',
97 silly get     etag: '"1L4RU1AM541YSVP1YQFXG1Y1J"',
97 silly get     age: '0',
97 silly get     connection: 'keep-alive',
97 silly get     'x-served-by': 'cache-ord1726-ORD',
97 silly get     'x-cache': 'HIT',
97 silly get     'x-cache-hits': '1',
97 silly get     'x-timer': 'S1443950171.587998,VS0,VE148',
97 silly get     vary: 'Accept' } ]
98 verbose etag https://registry.npmjs.org/nan from cache
99 verbose get saving nan to /root/.npm/registry.npmjs.org/nan/.cache.json
100 silly addNameRange number 2 { name: 'nan', range: '>=2.0.0', hasData: true }
101 silly addNameRange versions [ 'nan',
101 silly addNameRange   [ '0.3.0-wip',
101 silly addNameRange     '0.3.0-wip2',
101 silly addNameRange     '0.3.0',
101 silly addNameRange     '0.3.1',
101 silly addNameRange     '0.3.2',
101 silly addNameRange     '0.4.0',
101 silly addNameRange     '0.4.1',
101 silly addNameRange     '0.4.2',
101 silly addNameRange     '0.4.3',
101 silly addNameRange     '0.4.4',
101 silly addNameRange     '0.5.0',
101 silly addNameRange     '0.5.1',
101 silly addNameRange     '0.5.2',
101 silly addNameRange     '0.6.0',
101 silly addNameRange     '0.7.0',
101 silly addNameRange     '0.7.1',
101 silly addNameRange     '0.8.0',
101 silly addNameRange     '1.0.0',
101 silly addNameRange     '1.1.0',
101 silly addNameRange     '1.1.1',
101 silly addNameRange     '1.1.2',
101 silly addNameRange     '1.2.0',
101 silly addNameRange     '1.3.0',
101 silly addNameRange     '1.4.0',
101 silly addNameRange     '1.4.1',
101 silly addNameRange     '1.5.0',
101 silly addNameRange     '1.4.2',
101 silly addNameRange     '1.4.3',
101 silly addNameRange     '1.5.1',
101 silly addNameRange     '1.5.2',
101 silly addNameRange     '1.6.0',
101 silly addNameRange     '1.5.3',
101 silly addNameRange     '1.6.1',
101 silly addNameRange     '1.6.2',
101 silly addNameRange     '1.7.0',
101 silly addNameRange     '1.8.0',
101 silly addNameRange     '1.8.1',
101 silly addNameRange     '1.8.2',
101 silly addNameRange     '1.8.3',
101 silly addNameRange     '1.8.4',
101 silly addNameRange     '1.9.0',
101 silly addNameRange     '2.0.0',
101 silly addNameRange     '2.0.1',
101 silly addNameRange     '2.0.2',
101 silly addNameRange     '2.0.3',
101 silly addNameRange     '2.0.4',
101 silly addNameRange     '2.0.5',
101 silly addNameRange     '2.0.6',
101 silly addNameRange     '2.0.7',
101 silly addNameRange     '2.0.8',
101 silly addNameRange     '2.0.9' ] ]
102 silly addNamed nan@2.0.9
103 verbose addNamed "2.0.9" is a plain semver version for nan
104 silly cache afterAdd nan@2.0.9
105 verbose afterAdd /root/.npm/nan/2.0.9/package/package.json not in flight; writing
106 verbose afterAdd /root/.npm/nan/2.0.9/package/package.json written
107 silly install resolved [ { name: 'nan',
107 silly install resolved     version: '2.0.9',
107 silly install resolved     description: 'Native Abstractions for Node.js: C++ header for Node 0.8 -> 4 compatibility',
107 silly install resolved     main: 'include_dirs.js',
107 silly install resolved     repository: { type: 'git', url: 'git://github.com/nodejs/nan.git' },
107 silly install resolved     scripts:
107 silly install resolved      { test: 'tap --gc test/js/*-test.js',
107 silly install resolved        'rebuild-tests': 'pangyp rebuild --msvs_version=2013 --directory test',
107 silly install resolved        docs: 'doc/.build.sh' },
107 silly install resolved     contributors:
107 silly install resolved      [ [Object],
107 silly install resolved        [Object],
107 silly install resolved        [Object],
107 silly install resolved        [Object],
107 silly install resolved        [Object],
107 silly install resolved        [Object],
107 silly install resolved        [Object] ],
107 silly install resolved     devDependencies:
107 silly install resolved      { bindings: '~1.2.1',
107 silly install resolved        commander: '^2.8.1',
107 silly install resolved        glob: '^5.0.14',
107 silly install resolved        'node-gyp': '~2.0.2',
107 silly install resolved        pangyp: '~2.2.0',
107 silly install resolved        tap: '~0.7.1',
107 silly install resolved        xtend: '~4.0.0' },
107 silly install resolved     license: 'MIT',
107 silly install resolved     bugs: { url: 'https://github.com/nodejs/nan/issues' },
107 silly install resolved     homepage: 'https://github.com/nodejs/nan#readme',
107 silly install resolved     _id: 'nan@2.0.9',
107 silly install resolved     _shasum: 'd02a770f46778842cceb94e17cab31ffc7234a05',
107 silly install resolved     _resolved: 'https://registry.npmjs.org/nan/-/nan-2.0.9.tgz',
107 silly install resolved     _from: 'nan@>=2.0.0',
107 silly install resolved     _npmVersion: '2.14.2',
107 silly install resolved     _nodeVersion: '4.0.0',
107 silly install resolved     _npmUser: { name: 'kkoopa', email: 'bbyholm@abo.fi' },
107 silly install resolved     maintainers: [ [Object], [Object] ],
107 silly install resolved     dist:
107 silly install resolved      { shasum: 'd02a770f46778842cceb94e17cab31ffc7234a05',
107 silly install resolved        tarball: 'http://registry.npmjs.org/nan/-/nan-2.0.9.tgz' },
107 silly install resolved     directories: {},
107 silly install resolved     readme: 'ERROR: No README data found!' } ]
108 info install nan@2.0.9 into /usr/local/lib/node_modules/sleep
109 info installOne nan@2.0.9
110 verbose installOne of nan to /usr/local/lib/node_modules/sleep not in flight; installing
111 verbose lock using /root/.npm/_locks/nan-bb20d7230e2d9b6a.lock for /usr/local/lib/node_modules/sleep/node_modules/nan
112 silly install write writing nan 2.0.9 to /usr/local/lib/node_modules/sleep/node_modules/nan
113 verbose unbuild lib/node_modules/sleep/node_modules/nan
114 silly gentlyRm /usr/local/lib/node_modules/sleep/node_modules/nan is being purged from base /usr/local
115 verbose gentlyRm don't care about contents; nuking /usr/local/lib/node_modules/sleep/node_modules/nan
116 verbose tar unpack /root/.npm/nan/2.0.9/package.tgz
117 verbose tar unpacking to /usr/local/lib/node_modules/sleep/node_modules/nan
118 silly gentlyRm /usr/local/lib/node_modules/sleep/node_modules/nan is being purged
119 verbose gentlyRm don't care about contents; nuking /usr/local/lib/node_modules/sleep/node_modules/nan
120 silly gunzTarPerm modes [ '755', '644' ]
121 silly gunzTarPerm extractEntry package.json
122 silly gunzTarPerm modified mode [ 'package.json', 436, 420 ]
123 silly gunzTarPerm extractEntry README.md
124 silly gunzTarPerm modified mode [ 'README.md', 436, 420 ]
125 silly gunzTarPerm extractEntry include_dirs.js
126 silly gunzTarPerm modified mode [ 'include_dirs.js', 436, 420 ]
127 silly gunzTarPerm extractEntry nan_converters.h
128 silly gunzTarPerm modified mode [ 'nan_converters.h', 436, 420 ]
129 silly gunzTarPerm extractEntry LICENSE.md
130 silly gunzTarPerm modified mode [ 'LICENSE.md', 436, 420 ]
131 silly gunzTarPerm extractEntry .dntrc
132 silly gunzTarPerm modified mode [ '.dntrc', 436, 420 ]
133 silly gunzTarPerm extractEntry appveyor.yml
134 silly gunzTarPerm modified mode [ 'appveyor.yml', 436, 420 ]
135 silly gunzTarPerm extractEntry doc/new.md
136 silly gunzTarPerm modified mode [ 'doc/new.md', 436, 420 ]
137 silly gunzTarPerm extractEntry doc/.build.sh
138 silly gunzTarPerm modified mode [ 'doc/.build.sh', 509, 493 ]
139 silly gunzTarPerm extractEntry doc/buffers.md
140 silly gunzTarPerm modified mode [ 'doc/buffers.md', 436, 420 ]
141 silly gunzTarPerm extractEntry doc/callback.md
142 silly gunzTarPerm modified mode [ 'doc/callback.md', 436, 420 ]
143 silly gunzTarPerm extractEntry doc/converters.md
144 silly gunzTarPerm modified mode [ 'doc/converters.md', 436, 420 ]
145 silly gunzTarPerm extractEntry doc/errors.md
146 silly gunzTarPerm modified mode [ 'doc/errors.md', 436, 420 ]
147 silly gunzTarPerm extractEntry doc/maybe_types.md
148 silly gunzTarPerm modified mode [ 'doc/maybe_types.md', 436, 420 ]
149 silly gunzTarPerm extractEntry doc/methods.md
150 silly gunzTarPerm modified mode [ 'doc/methods.md', 436, 420 ]
151 silly gunzTarPerm extractEntry doc/asyncworker.md
152 silly gunzTarPerm modified mode [ 'doc/asyncworker.md', 436, 420 ]
153 silly gunzTarPerm extractEntry doc/node_misc.md
154 silly gunzTarPerm modified mode [ 'doc/node_misc.md', 436, 420 ]
155 silly gunzTarPerm extractEntry doc/persistent.md
156 silly gunzTarPerm modified mode [ 'doc/persistent.md', 436, 420 ]
157 silly gunzTarPerm extractEntry doc/scopes.md
158 silly gunzTarPerm modified mode [ 'doc/scopes.md', 436, 420 ]
159 silly gunzTarPerm extractEntry doc/script.md
160 silly gunzTarPerm modified mode [ 'doc/script.md', 436, 420 ]
161 silly gunzTarPerm extractEntry doc/string_bytes.md
162 silly gunzTarPerm modified mode [ 'doc/string_bytes.md', 436, 420 ]
163 silly gunzTarPerm extractEntry doc/v8_internals.md
164 silly gunzTarPerm modified mode [ 'doc/v8_internals.md', 436, 420 ]
165 silly gunzTarPerm extractEntry doc/v8_misc.md
166 silly gunzTarPerm modified mode [ 'doc/v8_misc.md', 436, 420 ]
167 silly gunzTarPerm extractEntry nan.h
168 silly gunzTarPerm modified mode [ 'nan.h', 436, 420 ]
169 silly gunzTarPerm extractEntry nan_callbacks.h
170 silly gunzTarPerm modified mode [ 'nan_callbacks.h', 436, 420 ]
171 silly gunzTarPerm extractEntry nan_callbacks_12_inl.h
172 silly gunzTarPerm modified mode [ 'nan_callbacks_12_inl.h', 436, 420 ]
173 silly gunzTarPerm extractEntry nan_callbacks_pre_12_inl.h
174 silly gunzTarPerm modified mode [ 'nan_callbacks_pre_12_inl.h', 436, 420 ]
175 silly gunzTarPerm extractEntry nan_converters_43_inl.h
176 silly gunzTarPerm modified mode [ 'nan_converters_43_inl.h', 436, 420 ]
177 silly gunzTarPerm extractEntry nan_converters_pre_43_inl.h
178 silly gunzTarPerm modified mode [ 'nan_converters_pre_43_inl.h', 436, 420 ]
179 silly gunzTarPerm extractEntry nan_implementation_12_inl.h
180 silly gunzTarPerm modified mode [ 'nan_implementation_12_inl.h', 436, 420 ]
181 silly gunzTarPerm extractEntry nan_implementation_pre_12_inl.h
182 silly gunzTarPerm modified mode [ 'nan_implementation_pre_12_inl.h', 436, 420 ]
183 silly gunzTarPerm extractEntry nan_maybe_43_inl.h
184 silly gunzTarPerm modified mode [ 'nan_maybe_43_inl.h', 436, 420 ]
185 silly gunzTarPerm extractEntry nan_maybe_pre_43_inl.h
186 silly gunzTarPerm modified mode [ 'nan_maybe_pre_43_inl.h', 436, 420 ]
187 silly gunzTarPerm extractEntry nan_new.h
188 silly gunzTarPerm modified mode [ 'nan_new.h', 436, 420 ]
189 silly gunzTarPerm extractEntry nan_object_wrap.h
190 silly gunzTarPerm modified mode [ 'nan_object_wrap.h', 436, 420 ]
191 silly gunzTarPerm extractEntry nan_persistent_12_inl.h
192 silly gunzTarPerm modified mode [ 'nan_persistent_12_inl.h', 436, 420 ]
193 silly gunzTarPerm extractEntry nan_persistent_pre_12_inl.h
194 silly gunzTarPerm modified mode [ 'nan_persistent_pre_12_inl.h', 436, 420 ]
195 silly gunzTarPerm extractEntry nan_string_bytes.h
196 silly gunzTarPerm modified mode [ 'nan_string_bytes.h', 436, 420 ]
197 silly gunzTarPerm extractEntry nan_weak.h
198 silly gunzTarPerm modified mode [ 'nan_weak.h', 436, 420 ]
199 silly gunzTarPerm extractEntry CHANGELOG.md
200 silly gunzTarPerm modified mode [ 'CHANGELOG.md', 436, 420 ]
201 silly gunzTarPerm extractEntry tools/package.json
202 silly gunzTarPerm modified mode [ 'tools/package.json', 436, 420 ]
203 silly gunzTarPerm extractEntry tools/README.md
204 silly gunzTarPerm modified mode [ 'tools/README.md', 436, 420 ]
205 silly gunzTarPerm extractEntry tools/1to2.js
206 silly gunzTarPerm modified mode [ 'tools/1to2.js', 509, 493 ]
207 verbose write writing to /usr/local/lib/node_modules/sleep/node_modules/nan/package.json
208 info preinstall nan@2.0.9
209 verbose readDependencies loading dependencies from /usr/local/lib/node_modules/sleep/node_modules/nan/package.json
210 verbose readDependencies loading dependencies from /usr/local/lib/node_modules/sleep/node_modules/nan/package.json
211 silly install resolved []
212 verbose about to build /usr/local/lib/node_modules/sleep/node_modules/nan
213 info build /usr/local/lib/node_modules/sleep/node_modules/nan
214 info linkStuff nan@2.0.9
215 silly linkStuff nan@2.0.9 has /usr/local/lib/node_modules/sleep/node_modules as its parent node_modules
216 silly linkStuff nan@2.0.9 is part of a global install
217 silly linkStuff nan@2.0.9 is installed into a global node_modules
218 verbose linkBins nan@2.0.9
219 verbose linkMans nan@2.0.9
220 verbose rebuildBundles nan@2.0.9
221 info install nan@2.0.9
222 info postinstall nan@2.0.9
223 verbose unlock done using /root/.npm/_locks/nan-bb20d7230e2d9b6a.lock for /usr/local/lib/node_modules/sleep/node_modules/nan
224 verbose about to build /usr/local/lib/node_modules/sleep
225 info build /usr/local/lib/node_modules/sleep
226 info linkStuff sleep@3.0.0
227 silly linkStuff sleep@3.0.0 has /usr/local/lib/node_modules as its parent node_modules
228 silly linkStuff sleep@3.0.0 is part of a global install
229 silly linkStuff sleep@3.0.0 is installed into a global node_modules
230 silly linkStuff sleep@3.0.0 is installed into the top-level global node_modules
231 verbose linkBins sleep@3.0.0
232 verbose linkMans sleep@3.0.0
233 verbose rebuildBundles sleep@3.0.0
234 verbose rebuildBundles [ 'nan' ]
235 info install sleep@3.0.0
236 verbose unsafe-perm in lifecycle false
237 info sleep@3.0.0 Failed to exec install script
238 verbose unlock done using /root/.npm/_locks/sleep-9f360ea08ce2077b.lock for /usr/local/lib/node_modules/sleep
239 verbose stack Error: sleep@3.0.0 install: `node-gyp rebuild`
239 verbose stack Exit status 1
239 verbose stack     at EventEmitter.<anonymous> (/usr/local/lib/node_modules/npm/lib/utils/lifecycle.js:213:16)
239 verbose stack     at EventEmitter.emit (events.js:110:17)
239 verbose stack     at ChildProcess.<anonymous> (/usr/local/lib/node_modules/npm/lib/utils/spawn.js:24:14)
239 verbose stack     at ChildProcess.emit (events.js:110:17)
239 verbose stack     at maybeClose (child_process.js:1015:16)
239 verbose stack     at Process.ChildProcess._handle.onexit (child_process.js:1087:5)
240 verbose pkgid sleep@3.0.0
241 verbose cwd /home/jayrav13/hackru-project
242 error Linux 3.16.0-0.bpo.4-amd64
243 error argv "/usr/local/bin/node" "/usr/local/bin/npm" "install" "-g" "sleep"
244 error node v0.12.7
245 error npm  v2.11.3
246 error code ELIFECYCLE
247 error sleep@3.0.0 install: `node-gyp rebuild`
247 error Exit status 1
248 error Failed at the sleep@3.0.0 install script 'node-gyp rebuild'.
248 error This is most likely a problem with the sleep package,
248 error not with npm itself.
248 error Tell the author that this fails on your system:
248 error     node-gyp rebuild
248 error You can get their info via:
248 error     npm owner ls sleep
248 error There is likely additional logging output above.
249 verbose exit [ 1, true ]
250 verbose unbuild lib/node_modules/sleep
251 info preuninstall sleep@3.0.0
252 info uninstall sleep@3.0.0
253 verbose unbuild rmStuff sleep@3.0.0 from /usr/local/lib/node_modules
254 info postuninstall sleep@3.0.0
255 silly gentlyRm /usr/local/lib/node_modules/sleep is being purged from base /usr/local
256 verbose gentlyRm don't care about contents; nuking /usr/local/lib/node_modules/sleep
257 silly vacuum-fs purging /usr/local/lib/node_modules/sleep
258 silly vacuum-fs quitting because other entries in /usr/local/lib/node_modules
